<?xml version="1.0" encoding="UTF-8" ?>
<testsuite failures="1" time="126.602" errors="0" skipped="0" tests="11" name="TestSuite">
  <properties>
[...]
</properties>
  <testcase time="19.448" classname="pageobject.exercise.AmazonSeleniumTest" name="getSearchResultsAndReviews"/>
  <testcase time="15.669" classname="pageobject.exercise.AmazonSeleniumTest" name="testAddToCartSignInPrompt"/>
  <testcase time="6.77" classname="pageobject.exercise.AmazonSeleniumTest" name="testCartCount"/>
  <testcase time="11.808" classname="pageobject.exercise.AmazonSeleniumTest" name="testDailyDeals"/>
  <testcase time="8.592" classname="pageobject.exercise.AmazonSeleniumTest" name="testDailyDealsCartButton">
    <failure message="expected:&lt;Add to cart&gt; but was:&lt;null&gt;" type="java.lang.AssertionError">java.lang.AssertionError: expected:&lt;Add to cart&gt; but was:&lt;null&gt;
	at org.junit.Assert.fail(Assert.java:88)
	at org.junit.Assert.failNotEquals(Assert.java:743)
	at org.junit.Assert.assertEquals(Assert.java:118)
	at org.junit.Assert.assertEquals(Assert.java:144)
	at pageobject.exercise.AmazonSeleniumTest.testDailyDealsCartButton(AmazonSeleniumTest.java:176)
</failure>
    <system-out>in try
</system-out>
  </testcase>
  <testcase time="11.739" classname="pageobject.exercise.AmazonSeleniumTest" name="testLogIn"/>
  <testcase time="7.083" classname="pageobject.exercise.AmazonSeleniumTest" name="testRegistration"/>
  <testcase time="6.898" classname="pageobject.exercise.AmazonSeleniumTest" name="testResizeBrowser"/>
  <testcase time="15.598" classname="pageobject.exercise.AmazonSeleniumTest" name="testSearch"/>
  <testcase time="8.549" classname="pageobject.exercise.AmazonSeleniumTest" name="testSignInPage"/>
  <testcase time="7.287" classname="pageobject.exercise.AmazonSeleniumTest" name="testSignUp"/>
</testsuite>